{"level":"error","message":"Invalid or expired refresh token","timestamp":"2025-06-20 22:00:39"}
{"level":"error","message":"Invalid or expired refresh token","timestamp":"2025-06-20 22:08:51"}
{"level":"error","message":"Refresh Token Expired","timestamp":"2025-06-20 22:18:16"}
{"level":"error","message":"Refresh Token Expired","timestamp":"2025-06-20 22:21:14"}
{"level":"error","message":"Unauthorized Request: Refresh token is required","timestamp":"2025-06-20 22:30:44"}
{"level":"error","message":"Submission 1 failed:Wrong Answer","timestamp":"2025-06-23 15:02:56"}
{"level":"error","message":"Submission 1 failed:Wrong Answer","timestamp":"2025-06-23 15:04:54"}
{"level":"error","message":"Submission 1 failed:Wrong Answer","timestamp":"2025-06-23 16:00:15"}
{"level":"error","message":"Submission 1 failed:Wrong Answer","timestamp":"2025-06-23 16:01:04"}
{"level":"error","message":"Submission 1 failed:Wrong Answer","timestamp":"2025-06-23 16:01:50"}
{"level":"error","message":"Submission 1 failed:Wrong Answer","timestamp":"2025-06-23 16:15:36"}
{"level":"error","message":"Submission 1 failed:Wrong Answer","timestamp":"2025-06-23 16:21:55"}
{"level":"error","message":"Submission 1 failed:Wrong Answer","timestamp":"2025-06-26 07:51:27"}
{"level":"error","message":"Submission 1 failed:Wrong Answer","timestamp":"2025-06-26 07:53:49"}
{"level":"info","message":"Submissions for the problem Fetched Successfully","timestamp":"2025-06-27 20:43:02"}
{"level":"info","message":"All Submissions Fetched Successfully","timestamp":"2025-06-27 20:43:16"}
{"level":"info","message":"Submissions for the problem Fetched Successfully","timestamp":"2025-06-27 20:43:31"}
{"level":"info","message":"Submissions for the problem Fetched Successfully","timestamp":"2025-06-27 20:44:26"}
{"level":"info","message":"Submissions for the problem Fetched Successfully","timestamp":"2025-06-27 20:46:43"}
{"level":"error","message":"Invalid Credentials","timestamp":"2025-07-04 20:01:08"}
{"level":"error","message":"Invalid Credentials","timestamp":"2025-07-05 10:43:16"}
{"level":"error","message":"Invalid Credentials","timestamp":"2025-07-05 11:02:33"}
{"level":"error","message":"User is not Authorized to do this task","timestamp":"2025-07-07 20:08:20"}
{"level":"error","message":"User is not Authorized to do this task","timestamp":"2025-07-07 20:17:26"}
{"level":"error","message":"User is not Authorized to do this task","timestamp":"2025-07-07 20:27:30"}
{"level":"info","message":"Submissions for the problem Fetched Successfully","timestamp":"2025-07-09 17:12:59"}
{"level":"info","message":"Submissions for the problem Fetched Successfully","timestamp":"2025-07-09 17:13:05"}
{"level":"info","message":"Submissions for the problem Fetched Successfully","timestamp":"2025-07-09 17:15:11"}
{"level":"info","message":"Submissions for the problem Fetched Successfully","timestamp":"2025-07-09 17:15:32"}
{"level":"info","message":"Submissions for the problem Fetched Successfully","timestamp":"2025-07-09 17:27:57"}
{"level":"info","message":"Submissions for the problem Fetched Successfully","timestamp":"2025-07-10 18:05:43"}
{"level":"info","message":"Submissions for the problem Fetched Successfully","timestamp":"2025-07-10 19:57:56"}
{"level":"info","message":"All Submissions Fetched Successfully","timestamp":"2025-07-10 20:31:38"}
{"level":"info","message":"All Submissions Fetched Successfully","timestamp":"2025-07-10 20:31:38"}
{"level":"info","message":"All Submissions Fetched Successfully","timestamp":"2025-07-10 20:39:15"}
{"level":"info","message":"All Submissions Fetched Successfully","timestamp":"2025-07-10 20:39:15"}
{"level":"info","message":"Submissions for the problem Fetched Successfully","timestamp":"2025-07-10 20:40:03"}
{"level":"info","message":"Submissions for the problem Fetched Successfully","timestamp":"2025-07-10 20:49:12"}
{"level":"info","message":"Submissions for the problem Fetched Successfully","timestamp":"2025-07-10 20:56:17"}
{"level":"info","message":"All Submissions Fetched Successfully","timestamp":"2025-07-10 21:39:19"}
{"level":"info","message":"All Submissions Fetched Successfully","timestamp":"2025-07-10 21:39:20"}
